{"/home/mike/Code/my_projects/povtory-ka-backend/src/index.ts": {"path":"/home/mike/Code/my_projects/povtory-ka-backend/src/index.ts","statementMap":{"0":{"start":{"line":1,"column":0},"end":{"line":1,"column":30}},"1":{"start":{"line":2,"column":0},"end":{"line":2,"column":33}},"2":{"start":{"line":3,"column":0},"end":{"line":3,"column":24}},"3":{"start":{"line":4,"column":0},"end":{"line":4,"column":71}},"4":{"start":{"line":5,"column":0},"end":{"line":5,"column":61}},"5":{"start":{"line":6,"column":0},"end":{"line":6,"column":75}},"6":{"start":{"line":7,"column":0},"end":{"line":7,"column":36}},"7":{"start":{"line":8,"column":0},"end":{"line":8,"column":69}},"8":{"start":{"line":9,"column":0},"end":{"line":9,"column":85}},"9":{"start":{"line":10,"column":0},"end":{"line":10,"column":89}},"10":{"start":{"line":11,"column":0},"end":{"line":11,"column":75}},"11":{"start":{"line":12,"column":0},"end":{"line":12,"column":69}},"12":{"start":{"line":13,"column":0},"end":{"line":13,"column":85}},"13":{"start":{"line":14,"column":0},"end":{"line":14,"column":81}},"14":{"start":{"line":15,"column":0},"end":{"line":15,"column":50}},"15":{"start":{"line":17,"column":0},"end":{"line":17,"column":27}},"16":{"start":{"line":20,"column":0},"end":{"line":28,"column":null}},"17":{"start":{"line":21,"column":2},"end":{"line":24,"column":7}},"18":{"start":{"line":21,"column":14},"end":{"line":24,"column":4}},"19":{"start":{"line":22,"column":4},"end":{"line":22,"column":35}},"20":{"start":{"line":23,"column":4},"end":{"line":23,"column":36}},"21":{"start":{"line":26,"column":2},"end":{"line":26,"column":42}},"22":{"start":{"line":27,"column":2},"end":{"line":27,"column":21}},"23":{"start":{"line":30,"column":12},"end":{"line":30,"column":21}},"24":{"start":{"line":31,"column":13},"end":{"line":31,"column":17}},"25":{"start":{"line":33,"column":0},"end":{"line":33,"column":23}},"26":{"start":{"line":34,"column":0},"end":{"line":34,"column":16}},"27":{"start":{"line":35,"column":0},"end":{"line":35,"column":34}},"28":{"start":{"line":38,"column":0},"end":{"line":38,"column":43}},"29":{"start":{"line":41,"column":0},"end":{"line":41,"column":61}},"30":{"start":{"line":43,"column":0},"end":{"line":43,"column":55}},"31":{"start":{"line":45,"column":0},"end":{"line":45,"column":63}},"32":{"start":{"line":48,"column":0},"end":{"line":48,"column":61}},"33":{"start":{"line":50,"column":0},"end":{"line":50,"column":55}},"34":{"start":{"line":52,"column":0},"end":{"line":52,"column":68}},"35":{"start":{"line":54,"column":0},"end":{"line":54,"column":63}},"36":{"start":{"line":56,"column":0},"end":{"line":56,"column":56}},"37":{"start":{"line":58,"column":0},"end":{"line":58,"column":38}},"38":{"start":{"line":60,"column":13},"end":{"line":62,"column":3}},"39":{"start":{"line":61,"column":2},"end":{"line":61,"column":60}},"40":{"start":{"line":64,"column":0},"end":{"line":64,"column":19}}},"fnMap":{"0":{"name":"(anonymous_8)","decl":{"start":{"line":21,"column":3},"end":{"line":21,"column":12}},"loc":{"start":{"line":21,"column":14},"end":{"line":24,"column":4}}},"1":{"name":"(anonymous_9)","decl":{"start":{"line":21,"column":14},"end":{"line":21,"column":null}},"loc":{"start":{"line":21,"column":14},"end":{"line":24,"column":3}}},"2":{"name":"(anonymous_10)","decl":{"start":{"line":60,"column":39},"end":{"line":60,"column":42}},"loc":{"start":{"line":60,"column":44},"end":{"line":62,"column":1}}}},"branchMap":{},"s":{"0":1,"1":1,"2":1,"3":1,"4":1,"5":1,"6":1,"7":1,"8":1,"9":1,"10":1,"11":1,"12":1,"13":1,"14":1,"15":1,"16":1,"17":1,"18":1,"19":1,"20":1,"21":0,"22":0,"23":1,"24":1,"25":1,"26":1,"27":1,"28":1,"29":1,"30":1,"31":1,"32":1,"33":1,"34":1,"35":1,"36":1,"37":1,"38":1,"39":1,"40":1},"f":{"0":1,"1":1,"2":1},"b":{}}
,"/home/mike/Code/my_projects/povtory-ka-backend/src/bin/createTeacherCredentials.ts": {"path":"/home/mike/Code/my_projects/povtory-ka-backend/src/bin/createTeacherCredentials.ts","statementMap":{"0":{"start":{"line":2,"column":0},"end":{"line":2,"column":43}},"1":{"start":{"line":4,"column":0},"end":{"line":4,"column":60}},"2":{"start":{"line":6,"column":42},"end":{"line":12,"column":2}},"3":{"start":{"line":6,"column":73},"end":{"line":12,"column":2}},"4":{"start":{"line":7,"column":57},"end":{"line":7,"column":65}},"5":{"start":{"line":8,"column":29},"end":{"line":8,"column":79}},"6":{"start":{"line":9,"column":26},"end":{"line":9,"column":60}},"7":{"start":{"line":10,"column":2},"end":{"line":10,"column":56}},"8":{"start":{"line":10,"column":34},"end":{"line":10,"column":56}},"9":{"start":{"line":11,"column":2},"end":{"line":11,"column":28}},"10":{"start":{"line":6,"column":13},"end":{"line":6,"column":42}}},"fnMap":{"0":{"name":"(anonymous_7)","decl":{"start":{"line":6,"column":42},"end":{"line":6,"column":49}},"loc":{"start":{"line":6,"column":73},"end":{"line":12,"column":2}}},"1":{"name":"(anonymous_8)","decl":{"start":{"line":6,"column":73},"end":{"line":6,"column":null}},"loc":{"start":{"line":6,"column":73},"end":{"line":12,"column":1}}}},"branchMap":{"0":{"loc":{"start":{"line":10,"column":2},"end":{"line":10,"column":56}},"type":"if","locations":[{"start":{"line":10,"column":2},"end":{"line":10,"column":56}}]}},"s":{"0":1,"1":1,"2":1,"3":0,"4":0,"5":0,"6":0,"7":0,"8":0,"9":0,"10":1},"f":{"0":0,"1":0},"b":{"0":[0]}}
,"/home/mike/Code/my_projects/povtory-ka-backend/src/bin/processWords.ts": {"path":"/home/mike/Code/my_projects/povtory-ka-backend/src/bin/processWords.ts","statementMap":{"0":{"start":{"line":1,"column":0},"end":{"line":1,"column":60}},"1":{"start":{"line":8,"column":0},"end":{"line":8,"column":61}},"2":{"start":{"line":9,"column":0},"end":{"line":9,"column":32}},"3":{"start":{"line":11,"column":0},"end":{"line":11,"column":27}},"4":{"start":{"line":13,"column":33},"end":{"line":33,"column":2}},"5":{"start":{"line":13,"column":59},"end":{"line":33,"column":2}},"6":{"start":{"line":14,"column":43},"end":{"line":14,"column":45}},"7":{"start":{"line":15,"column":31},"end":{"line":15,"column":33}},"8":{"start":{"line":16,"column":2},"end":{"line":31,"column":null}},"9":{"start":{"line":17,"column":17},"end":{"line":17,"column":27}},"10":{"start":{"line":18,"column":4},"end":{"line":18,"column":36}},"11":{"start":{"line":19,"column":4},"end":{"line":19,"column":34}},"12":{"start":{"line":20,"column":4},"end":{"line":20,"column":28}},"13":{"start":{"line":21,"column":4},"end":{"line":21,"column":36}},"14":{"start":{"line":22,"column":4},"end":{"line":22,"column":26}},"15":{"start":{"line":23,"column":4},"end":{"line":23,"column":42}},"16":{"start":{"line":24,"column":4},"end":{"line":24,"column":46}},"17":{"start":{"line":25,"column":19},"end":{"line":25,"column":39}},"18":{"start":{"line":26,"column":4},"end":{"line":30,"column":null}},"19":{"start":{"line":27,"column":6},"end":{"line":27,"column":31}},"20":{"start":{"line":29,"column":6},"end":{"line":29,"column":30}},"21":{"start":{"line":32,"column":2},"end":{"line":32,"column":37}},"22":{"start":{"line":13,"column":13},"end":{"line":13,"column":33}},"23":{"start":{"line":35,"column":24},"end":{"line":48,"column":2}},"24":{"start":{"line":35,"column":69},"end":{"line":48,"column":2}},"25":{"start":{"line":36,"column":20},"end":{"line":36,"column":139}},"26":{"start":{"line":37,"column":33},"end":{"line":37,"column":35}},"27":{"start":{"line":38,"column":14},"end":{"line":38,"column":36}},"28":{"start":{"line":39,"column":30},"end":{"line":39,"column":46}},"29":{"start":{"line":40,"column":2},"end":{"line":46,"column":null}},"30":{"start":{"line":41,"column":4},"end":{"line":45,"column":null}},"31":{"start":{"line":42,"column":6},"end":{"line":44,"column":null}},"32":{"start":{"line":43,"column":8},"end":{"line":43,"column":44}},"33":{"start":{"line":47,"column":2},"end":{"line":47,"column":22}},"34":{"start":{"line":50,"column":18},"end":{"line":61,"column":2}},"35":{"start":{"line":50,"column":41},"end":{"line":61,"column":2}},"36":{"start":{"line":51,"column":17},"end":{"line":51,"column":117}},"37":{"start":{"line":52,"column":32},"end":{"line":52,"column":34}},"38":{"start":{"line":53,"column":14},"end":{"line":53,"column":33}},"39":{"start":{"line":54,"column":32},"end":{"line":54,"column":48}},"40":{"start":{"line":55,"column":2},"end":{"line":59,"column":null}},"41":{"start":{"line":55,"column":15},"end":{"line":55,"column":16}},"42":{"start":{"line":56,"column":24},"end":{"line":56,"column":52}},"43":{"start":{"line":57,"column":21},"end":{"line":57,"column":47}},"44":{"start":{"line":58,"column":4},"end":{"line":58,"column":60}},"45":{"start":{"line":60,"column":2},"end":{"line":60,"column":16}},"46":{"start":{"line":63,"column":36},"end":{"line":108,"column":2}},"47":{"start":{"line":66,"column":4},"end":{"line":108,"column":2}},"48":{"start":{"line":67,"column":17},"end":{"line":67,"column":121}},"49":{"start":{"line":68,"column":14},"end":{"line":68,"column":33}},"50":{"start":{"line":69,"column":38},"end":{"line":69,"column":54}},"51":{"start":{"line":72,"column":26},"end":{"line":75,"column":4}},"52":{"start":{"line":73,"column":4},"end":{"line":73,"column":46}},"53":{"start":{"line":73,"column":34},"end":{"line":73,"column":46}},"54":{"start":{"line":74,"column":4},"end":{"line":74,"column":17}},"55":{"start":{"line":78,"column":2},"end":{"line":88,"column":null}},"56":{"start":{"line":79,"column":4},"end":{"line":87,"column":null}},"57":{"start":{"line":80,"column":6},"end":{"line":85,"column":null}},"58":{"start":{"line":81,"column":8},"end":{"line":84,"column":null}},"59":{"start":{"line":82,"column":10},"end":{"line":82,"column":54}},"60":{"start":{"line":83,"column":10},"end":{"line":83,"column":16}},"61":{"start":{"line":86,"column":6},"end":{"line":86,"column":12}},"62":{"start":{"line":90,"column":22},"end":{"line":90,"column":63}},"63":{"start":{"line":91,"column":24},"end":{"line":91,"column":106}},"64":{"start":{"line":93,"column":28},"end":{"line":93,"column":30}},"65":{"start":{"line":94,"column":2},"end":{"line":105,"column":null}},"66":{"start":{"line":95,"column":4},"end":{"line":104,"column":null}},"67":{"start":{"line":96,"column":6},"end":{"line":103,"column":null}},"68":{"start":{"line":97,"column":8},"end":{"line":102,"column":null}},"69":{"start":{"line":98,"column":10},"end":{"line":100,"column":null}},"70":{"start":{"line":99,"column":12},"end":{"line":99,"column":63}},"71":{"start":{"line":101,"column":10},"end":{"line":101,"column":16}},"72":{"start":{"line":107,"column":2},"end":{"line":107,"column":48}},"73":{"start":{"line":110,"column":33},"end":{"line":150,"column":2}},"74":{"start":{"line":110,"column":64},"end":{"line":150,"column":2}},"75":{"start":{"line":111,"column":29},"end":{"line":111,"column":31}},"76":{"start":{"line":112,"column":27},"end":{"line":112,"column":29}},"77":{"start":{"line":113,"column":48},"end":{"line":113,"column":50}},"78":{"start":{"line":114,"column":2},"end":{"line":147,"column":null}},"79":{"start":{"line":115,"column":4},"end":{"line":138,"column":null}},"80":{"start":{"line":116,"column":19},"end":{"line":116,"column":29}},"81":{"start":{"line":117,"column":6},"end":{"line":117,"column":28}},"82":{"start":{"line":118,"column":6},"end":{"line":118,"column":30}},"83":{"start":{"line":119,"column":6},"end":{"line":119,"column":36}},"84":{"start":{"line":120,"column":6},"end":{"line":120,"column":38}},"85":{"start":{"line":121,"column":6},"end":{"line":121,"column":38}},"86":{"start":{"line":122,"column":6},"end":{"line":122,"column":44}},"87":{"start":{"line":123,"column":6},"end":{"line":123,"column":48}},"88":{"start":{"line":124,"column":6},"end":{"line":124,"column":26}},"89":{"start":{"line":125,"column":6},"end":{"line":125,"column":77}},"90":{"start":{"line":126,"column":6},"end":{"line":126,"column":47}},"91":{"start":{"line":127,"column":45},"end":{"line":129,"column":null}},"92":{"start":{"line":131,"column":6},"end":{"line":131,"column":45}},"93":{"start":{"line":132,"column":6},"end":{"line":132,"column":45}},"94":{"start":{"line":133,"column":6},"end":{"line":133,"column":35}},"95":{"start":{"line":135,"column":6},"end":{"line":135,"column":28}},"96":{"start":{"line":137,"column":6},"end":{"line":137,"column":23}},"97":{"start":{"line":139,"column":4},"end":{"line":144,"column":null}},"98":{"start":{"line":140,"column":30},"end":{"line":140,"column":50}},"99":{"start":{"line":141,"column":6},"end":{"line":143,"column":null}},"100":{"start":{"line":142,"column":8},"end":{"line":142,"column":47}},"101":{"start":{"line":146,"column":4},"end":{"line":146,"column":23}},"102":{"start":{"line":149,"column":2},"end":{"line":149,"column":48}},"103":{"start":{"line":110,"column":13},"end":{"line":110,"column":33}}},"fnMap":{"0":{"name":"(anonymous_7)","decl":{"start":{"line":13,"column":33},"end":{"line":13,"column":40}},"loc":{"start":{"line":13,"column":59},"end":{"line":33,"column":2}}},"1":{"name":"(anonymous_8)","decl":{"start":{"line":13,"column":59},"end":{"line":13,"column":null}},"loc":{"start":{"line":13,"column":59},"end":{"line":33,"column":1}}},"2":{"name":"(anonymous_9)","decl":{"start":{"line":35,"column":24},"end":{"line":35,"column":31}},"loc":{"start":{"line":35,"column":69},"end":{"line":48,"column":2}}},"3":{"name":"(anonymous_10)","decl":{"start":{"line":35,"column":69},"end":{"line":35,"column":null}},"loc":{"start":{"line":35,"column":69},"end":{"line":48,"column":1}}},"4":{"name":"(anonymous_11)","decl":{"start":{"line":50,"column":18},"end":{"line":50,"column":25}},"loc":{"start":{"line":50,"column":41},"end":{"line":61,"column":2}}},"5":{"name":"(anonymous_12)","decl":{"start":{"line":50,"column":41},"end":{"line":50,"column":null}},"loc":{"start":{"line":50,"column":41},"end":{"line":61,"column":1}}},"6":{"name":"(anonymous_13)","decl":{"start":{"line":63,"column":36},"end":{"line":63,"column":null}},"loc":{"start":{"line":66,"column":4},"end":{"line":108,"column":2}}},"7":{"name":"(anonymous_14)","decl":{"start":{"line":66,"column":4},"end":{"line":66,"column":null}},"loc":{"start":{"line":66,"column":4},"end":{"line":108,"column":1}}},"8":{"name":"(anonymous_15)","decl":{"start":{"line":72,"column":38},"end":{"line":72,"column":39}},"loc":{"start":{"line":72,"column":48},"end":{"line":75,"column":3}}},"9":{"name":"(anonymous_16)","decl":{"start":{"line":110,"column":33},"end":{"line":110,"column":40}},"loc":{"start":{"line":110,"column":64},"end":{"line":150,"column":2}}},"10":{"name":"(anonymous_17)","decl":{"start":{"line":110,"column":64},"end":{"line":110,"column":null}},"loc":{"start":{"line":110,"column":64},"end":{"line":150,"column":1}}}},"branchMap":{"0":{"loc":{"start":{"line":26,"column":4},"end":{"line":30,"column":null}},"type":"if","locations":[{"start":{"line":26,"column":4},"end":{"line":30,"column":null}},{"start":{"line":28,"column":11},"end":{"line":30,"column":null}}]},"1":{"loc":{"start":{"line":41,"column":4},"end":{"line":45,"column":null}},"type":"if","locations":[{"start":{"line":41,"column":4},"end":{"line":45,"column":null}}]},"2":{"loc":{"start":{"line":55,"column":18},"end":{"line":55,"column":51}},"type":"binary-expr","locations":[{"start":{"line":55,"column":18},"end":{"line":55,"column":24}},{"start":{"line":55,"column":28},"end":{"line":55,"column":51}}]},"3":{"loc":{"start":{"line":73,"column":4},"end":{"line":73,"column":46}},"type":"if","locations":[{"start":{"line":73,"column":4},"end":{"line":73,"column":46}}]},"4":{"loc":{"start":{"line":79,"column":4},"end":{"line":87,"column":null}},"type":"if","locations":[{"start":{"line":79,"column":4},"end":{"line":87,"column":null}}]},"5":{"loc":{"start":{"line":81,"column":8},"end":{"line":84,"column":null}},"type":"if","locations":[{"start":{"line":81,"column":8},"end":{"line":84,"column":null}}]},"6":{"loc":{"start":{"line":95,"column":4},"end":{"line":104,"column":null}},"type":"if","locations":[{"start":{"line":95,"column":4},"end":{"line":104,"column":null}}]},"7":{"loc":{"start":{"line":97,"column":8},"end":{"line":102,"column":null}},"type":"if","locations":[{"start":{"line":97,"column":8},"end":{"line":102,"column":null}}]},"8":{"loc":{"start":{"line":141,"column":6},"end":{"line":143,"column":null}},"type":"if","locations":[{"start":{"line":141,"column":6},"end":{"line":143,"column":null}}]}},"s":{"0":1,"1":1,"2":1,"3":1,"4":1,"5":0,"6":0,"7":0,"8":0,"9":0,"10":0,"11":0,"12":0,"13":0,"14":0,"15":0,"16":0,"17":0,"18":0,"19":0,"20":0,"21":0,"22":1,"23":1,"24":0,"25":0,"26":0,"27":0,"28":0,"29":0,"30":0,"31":0,"32":0,"33":0,"34":1,"35":0,"36":0,"37":0,"38":0,"39":0,"40":0,"41":0,"42":0,"43":0,"44":0,"45":0,"46":1,"47":0,"48":0,"49":0,"50":0,"51":0,"52":0,"53":0,"54":0,"55":0,"56":0,"57":0,"58":0,"59":0,"60":0,"61":0,"62":0,"63":0,"64":0,"65":0,"66":0,"67":0,"68":0,"69":0,"70":0,"71":0,"72":0,"73":1,"74":0,"75":0,"76":0,"77":0,"78":0,"79":0,"80":0,"81":0,"82":0,"83":0,"84":0,"85":0,"86":0,"87":0,"88":0,"89":0,"90":0,"91":0,"92":0,"93":0,"94":0,"95":0,"96":0,"97":0,"98":0,"99":0,"100":0,"101":0,"102":0,"103":1},"f":{"0":0,"1":0,"2":0,"3":0,"4":0,"5":0,"6":0,"7":0,"8":0,"9":0,"10":0},"b":{"0":[0,0],"1":[0],"2":[0,0],"3":[0],"4":[0],"5":[0],"6":[0],"7":[0],"8":[0]}}
,"/home/mike/Code/my_projects/povtory-ka-backend/src/bin/testEndpoint.ts": {"path":"/home/mike/Code/my_projects/povtory-ka-backend/src/bin/testEndpoint.ts","statementMap":{"0":{"start":{"line":3,"column":28},"end":{"line":5,"column":1}},"1":{"start":{"line":4,"column":2},"end":{"line":4,"column":51}},"2":{"start":{"line":3,"column":13},"end":{"line":3,"column":28}}},"fnMap":{"0":{"name":"(anonymous_0)","decl":{"start":{"line":3,"column":28},"end":{"line":3,"column":29}},"loc":{"start":{"line":3,"column":76},"end":{"line":5,"column":1}}}},"branchMap":{},"s":{"0":1,"1":1,"2":1},"f":{"0":1},"b":{}}
,"/home/mike/Code/my_projects/povtory-ka-backend/src/bin/utils.ts": {"path":"/home/mike/Code/my_projects/povtory-ka-backend/src/bin/utils.ts","statementMap":{"0":{"start":{"line":1,"column":21},"end":{"line":5,"column":2}},"1":{"start":{"line":1,"column":46},"end":{"line":5,"column":2}},"2":{"start":{"line":2,"column":2},"end":{"line":4,"column":5}},"3":{"start":{"line":3,"column":4},"end":{"line":3,"column":32}},"4":{"start":{"line":1,"column":13},"end":{"line":1,"column":21}}},"fnMap":{"0":{"name":"(anonymous_7)","decl":{"start":{"line":1,"column":21},"end":{"line":1,"column":28}},"loc":{"start":{"line":1,"column":46},"end":{"line":5,"column":2}}},"1":{"name":"(anonymous_8)","decl":{"start":{"line":1,"column":46},"end":{"line":1,"column":null}},"loc":{"start":{"line":1,"column":46},"end":{"line":5,"column":1}}},"2":{"name":"(anonymous_9)","decl":{"start":{"line":2,"column":21},"end":{"line":2,"column":22}},"loc":{"start":{"line":2,"column":33},"end":{"line":4,"column":3}}}},"branchMap":{},"s":{"0":1,"1":0,"2":0,"3":0,"4":1},"f":{"0":0,"1":0,"2":0},"b":{}}
,"/home/mike/Code/my_projects/povtory-ka-backend/src/bin/validateNewStudentToken.ts": {"path":"/home/mike/Code/my_projects/povtory-ka-backend/src/bin/validateNewStudentToken.ts","statementMap":{"0":{"start":{"line":1,"column":0},"end":{"line":1,"column":57}},"1":{"start":{"line":3,"column":0},"end":{"line":3,"column":43}},"2":{"start":{"line":6,"column":39},"end":{"line":15,"column":2}},"3":{"start":{"line":6,"column":70},"end":{"line":15,"column":2}},"4":{"start":{"line":7,"column":51},"end":{"line":7,"column":59}},"5":{"start":{"line":8,"column":23},"end":{"line":8,"column":60}},"6":{"start":{"line":9,"column":27},"end":{"line":9,"column":55}},"7":{"start":{"line":10,"column":2},"end":{"line":14,"column":null}},"8":{"start":{"line":11,"column":4},"end":{"line":11,"column":27}},"9":{"start":{"line":13,"column":4},"end":{"line":13,"column":24}},"10":{"start":{"line":6,"column":13},"end":{"line":6,"column":39}}},"fnMap":{"0":{"name":"(anonymous_7)","decl":{"start":{"line":6,"column":39},"end":{"line":6,"column":46}},"loc":{"start":{"line":6,"column":70},"end":{"line":15,"column":2}}},"1":{"name":"(anonymous_8)","decl":{"start":{"line":6,"column":70},"end":{"line":6,"column":null}},"loc":{"start":{"line":6,"column":70},"end":{"line":15,"column":1}}}},"branchMap":{"0":{"loc":{"start":{"line":10,"column":2},"end":{"line":14,"column":null}},"type":"if","locations":[{"start":{"line":10,"column":2},"end":{"line":14,"column":null}},{"start":{"line":12,"column":9},"end":{"line":14,"column":null}}]}},"s":{"0":1,"1":1,"2":1,"3":0,"4":0,"5":0,"6":0,"7":0,"8":0,"9":0,"10":1},"f":{"0":0,"1":0},"b":{"0":[0,0]}}
,"/home/mike/Code/my_projects/povtory-ka-backend/src/bin/validateRequestBody.ts": {"path":"/home/mike/Code/my_projects/povtory-ka-backend/src/bin/validateRequestBody.ts","statementMap":{"0":{"start":{"line":3,"column":35},"end":{"line":9,"column":2}},"1":{"start":{"line":6,"column":4},"end":{"line":9,"column":2}},"2":{"start":{"line":7,"column":14},"end":{"line":7,"column":39}},"3":{"start":{"line":8,"column":2},"end":{"line":8,"column":13}},"4":{"start":{"line":3,"column":13},"end":{"line":3,"column":35}}},"fnMap":{"0":{"name":"(anonymous_7)","decl":{"start":{"line":3,"column":35},"end":{"line":3,"column":null}},"loc":{"start":{"line":6,"column":4},"end":{"line":9,"column":2}}},"1":{"name":"(anonymous_8)","decl":{"start":{"line":6,"column":4},"end":{"line":6,"column":null}},"loc":{"start":{"line":6,"column":4},"end":{"line":9,"column":1}}}},"branchMap":{},"s":{"0":1,"1":1,"2":1,"3":1,"4":1},"f":{"0":1,"1":1},"b":{}}
,"/home/mike/Code/my_projects/povtory-ka-backend/src/bin/validateStudentLogin.ts": {"path":"/home/mike/Code/my_projects/povtory-ka-backend/src/bin/validateStudentLogin.ts","statementMap":{"0":{"start":{"line":2,"column":0},"end":{"line":2,"column":54}},"1":{"start":{"line":3,"column":0},"end":{"line":3,"column":43}},"2":{"start":{"line":6,"column":36},"end":{"line":11,"column":2}},"3":{"start":{"line":6,"column":67},"end":{"line":11,"column":2}},"4":{"start":{"line":7,"column":45},"end":{"line":7,"column":53}},"5":{"start":{"line":8,"column":28},"end":{"line":8,"column":59}},"6":{"start":{"line":9,"column":17},"end":{"line":9,"column":50}},"7":{"start":{"line":10,"column":2},"end":{"line":10,"column":38}},"8":{"start":{"line":10,"column":25},"end":{"line":10,"column":38}},"9":{"start":{"line":6,"column":13},"end":{"line":6,"column":36}}},"fnMap":{"0":{"name":"(anonymous_7)","decl":{"start":{"line":6,"column":36},"end":{"line":6,"column":43}},"loc":{"start":{"line":6,"column":67},"end":{"line":11,"column":2}}},"1":{"name":"(anonymous_8)","decl":{"start":{"line":6,"column":67},"end":{"line":6,"column":null}},"loc":{"start":{"line":6,"column":67},"end":{"line":11,"column":1}}}},"branchMap":{"0":{"loc":{"start":{"line":10,"column":2},"end":{"line":10,"column":38}},"type":"if","locations":[{"start":{"line":10,"column":2},"end":{"line":10,"column":38}}]}},"s":{"0":1,"1":1,"2":1,"3":0,"4":0,"5":0,"6":0,"7":0,"8":0,"9":1},"f":{"0":0,"1":0},"b":{"0":[0]}}
,"/home/mike/Code/my_projects/povtory-ka-backend/src/bin/validateStudentRegBody.ts": {"path":"/home/mike/Code/my_projects/povtory-ka-backend/src/bin/validateStudentRegBody.ts","statementMap":{"0":{"start":{"line":1,"column":0},"end":{"line":1,"column":43}},"1":{"start":{"line":2,"column":0},"end":{"line":2,"column":52}},"2":{"start":{"line":6,"column":38},"end":{"line":12,"column":2}},"3":{"start":{"line":6,"column":69},"end":{"line":12,"column":2}},"4":{"start":{"line":7,"column":48},"end":{"line":7,"column":56}},"5":{"start":{"line":8,"column":18},"end":{"line":8,"column":52}},"6":{"start":{"line":9,"column":27},"end":{"line":9,"column":50}},"7":{"start":{"line":10,"column":2},"end":{"line":10,"column":58}},"8":{"start":{"line":10,"column":35},"end":{"line":10,"column":58}},"9":{"start":{"line":11,"column":2},"end":{"line":11,"column":17}},"10":{"start":{"line":6,"column":13},"end":{"line":6,"column":38}}},"fnMap":{"0":{"name":"(anonymous_7)","decl":{"start":{"line":6,"column":38},"end":{"line":6,"column":45}},"loc":{"start":{"line":6,"column":69},"end":{"line":12,"column":2}}},"1":{"name":"(anonymous_8)","decl":{"start":{"line":6,"column":69},"end":{"line":6,"column":null}},"loc":{"start":{"line":6,"column":69},"end":{"line":12,"column":1}}}},"branchMap":{"0":{"loc":{"start":{"line":10,"column":2},"end":{"line":10,"column":58}},"type":"if","locations":[{"start":{"line":10,"column":2},"end":{"line":10,"column":58}}]}},"s":{"0":1,"1":1,"2":1,"3":0,"4":0,"5":0,"6":0,"7":0,"8":0,"9":0,"10":1},"f":{"0":0,"1":0},"b":{"0":[0]}}
,"/home/mike/Code/my_projects/povtory-ka-backend/src/bin/validateTeacherLogin.ts": {"path":"/home/mike/Code/my_projects/povtory-ka-backend/src/bin/validateTeacherLogin.ts","statementMap":{"0":{"start":{"line":2,"column":0},"end":{"line":2,"column":54}},"1":{"start":{"line":3,"column":0},"end":{"line":3,"column":43}},"2":{"start":{"line":6,"column":36},"end":{"line":12,"column":2}},"3":{"start":{"line":6,"column":67},"end":{"line":12,"column":2}},"4":{"start":{"line":7,"column":45},"end":{"line":7,"column":53}},"5":{"start":{"line":8,"column":24},"end":{"line":8,"column":62}},"6":{"start":{"line":9,"column":27},"end":{"line":9,"column":56}},"7":{"start":{"line":10,"column":2},"end":{"line":10,"column":58}},"8":{"start":{"line":10,"column":35},"end":{"line":10,"column":58}},"9":{"start":{"line":11,"column":2},"end":{"line":11,"column":23}},"10":{"start":{"line":6,"column":13},"end":{"line":6,"column":36}}},"fnMap":{"0":{"name":"(anonymous_7)","decl":{"start":{"line":6,"column":36},"end":{"line":6,"column":43}},"loc":{"start":{"line":6,"column":67},"end":{"line":12,"column":2}}},"1":{"name":"(anonymous_8)","decl":{"start":{"line":6,"column":67},"end":{"line":6,"column":null}},"loc":{"start":{"line":6,"column":67},"end":{"line":12,"column":1}}}},"branchMap":{"0":{"loc":{"start":{"line":10,"column":2},"end":{"line":10,"column":58}},"type":"if","locations":[{"start":{"line":10,"column":2},"end":{"line":10,"column":58}}]}},"s":{"0":1,"1":1,"2":1,"3":0,"4":0,"5":0,"6":0,"7":0,"8":0,"9":0,"10":1},"f":{"0":0,"1":0},"b":{"0":[0]}}
,"/home/mike/Code/my_projects/povtory-ka-backend/src/bin/validateTeacherReg.ts": {"path":"/home/mike/Code/my_projects/povtory-ka-backend/src/bin/validateTeacherReg.ts","statementMap":{"0":{"start":{"line":1,"column":0},"end":{"line":1,"column":43}},"1":{"start":{"line":2,"column":0},"end":{"line":2,"column":52}},"2":{"start":{"line":6,"column":34},"end":{"line":12,"column":2}},"3":{"start":{"line":6,"column":65},"end":{"line":12,"column":2}},"4":{"start":{"line":7,"column":41},"end":{"line":7,"column":49}},"5":{"start":{"line":8,"column":25},"end":{"line":8,"column":59}},"6":{"start":{"line":9,"column":27},"end":{"line":9,"column":57}},"7":{"start":{"line":10,"column":2},"end":{"line":10,"column":58}},"8":{"start":{"line":10,"column":35},"end":{"line":10,"column":58}},"9":{"start":{"line":11,"column":2},"end":{"line":11,"column":24}},"10":{"start":{"line":6,"column":13},"end":{"line":6,"column":34}}},"fnMap":{"0":{"name":"(anonymous_7)","decl":{"start":{"line":6,"column":34},"end":{"line":6,"column":41}},"loc":{"start":{"line":6,"column":65},"end":{"line":12,"column":2}}},"1":{"name":"(anonymous_8)","decl":{"start":{"line":6,"column":65},"end":{"line":6,"column":null}},"loc":{"start":{"line":6,"column":65},"end":{"line":12,"column":1}}}},"branchMap":{"0":{"loc":{"start":{"line":10,"column":2},"end":{"line":10,"column":58}},"type":"if","locations":[{"start":{"line":10,"column":2},"end":{"line":10,"column":58}}]}},"s":{"0":1,"1":1,"2":1,"3":1,"4":1,"5":1,"6":1,"7":1,"8":0,"9":1,"10":1},"f":{"0":1,"1":1},"b":{"0":[0]}}
,"/home/mike/Code/my_projects/povtory-ka-backend/src/bin/validateTokenBody.ts": {"path":"/home/mike/Code/my_projects/povtory-ka-backend/src/bin/validateTokenBody.ts","statementMap":{"0":{"start":{"line":1,"column":0},"end":{"line":1,"column":43}},"1":{"start":{"line":2,"column":0},"end":{"line":2,"column":45}},"2":{"start":{"line":6,"column":33},"end":{"line":12,"column":2}},"3":{"start":{"line":6,"column":64},"end":{"line":12,"column":2}},"4":{"start":{"line":7,"column":34},"end":{"line":7,"column":42}},"5":{"start":{"line":8,"column":16},"end":{"line":8,"column":40}},"6":{"start":{"line":9,"column":27},"end":{"line":9,"column":48}},"7":{"start":{"line":10,"column":2},"end":{"line":10,"column":58}},"8":{"start":{"line":10,"column":35},"end":{"line":10,"column":58}},"9":{"start":{"line":11,"column":2},"end":{"line":11,"column":15}},"10":{"start":{"line":6,"column":13},"end":{"line":6,"column":33}}},"fnMap":{"0":{"name":"(anonymous_7)","decl":{"start":{"line":6,"column":33},"end":{"line":6,"column":40}},"loc":{"start":{"line":6,"column":64},"end":{"line":12,"column":2}}},"1":{"name":"(anonymous_8)","decl":{"start":{"line":6,"column":64},"end":{"line":6,"column":null}},"loc":{"start":{"line":6,"column":64},"end":{"line":12,"column":1}}}},"branchMap":{"0":{"loc":{"start":{"line":10,"column":2},"end":{"line":10,"column":58}},"type":"if","locations":[{"start":{"line":10,"column":2},"end":{"line":10,"column":58}}]}},"s":{"0":1,"1":1,"2":1,"3":0,"4":0,"5":0,"6":0,"7":0,"8":0,"9":0,"10":1},"f":{"0":0,"1":0},"b":{"0":[0]}}
,"/home/mike/Code/my_projects/povtory-ka-backend/src/classes/Student.ts": {"path":"/home/mike/Code/my_projects/povtory-ka-backend/src/classes/Student.ts","statementMap":{"0":{"start":{"line":1,"column":0},"end":{"line":1,"column":45}},"1":{"start":{"line":8,"column":0},"end":{"line":8,"column":13}},"2":{"start":{"line":12,"column":2},"end":{"line":12,"column":null}},"3":{"start":{"line":15,"column":2},"end":{"line":15,"column":null}},"4":{"start":{"line":26,"column":2},"end":{"line":26,"column":null}},"5":{"start":{"line":37,"column":4},"end":{"line":37,"column":59}},"6":{"start":{"line":29,"column":0},"end":{"line":29,"column":13}},"7":{"start":{"line":31,"column":2},"end":{"line":31,"column":null}},"8":{"start":{"line":34,"column":2},"end":{"line":34,"column":null}},"9":{"start":{"line":51,"column":4},"end":{"line":51,"column":23}},"10":{"start":{"line":52,"column":4},"end":{"line":52,"column":35}},"11":{"start":{"line":53,"column":4},"end":{"line":53,"column":35}},"12":{"start":{"line":41,"column":0},"end":{"line":41,"column":13}},"13":{"start":{"line":43,"column":2},"end":{"line":43,"column":null}},"14":{"start":{"line":46,"column":2},"end":{"line":46,"column":null}},"15":{"start":{"line":49,"column":2},"end":{"line":49,"column":null}},"16":{"start":{"line":68,"column":4},"end":{"line":68,"column":29}},"17":{"start":{"line":69,"column":4},"end":{"line":69,"column":29}},"18":{"start":{"line":70,"column":4},"end":{"line":70,"column":35}},"19":{"start":{"line":57,"column":0},"end":{"line":57,"column":13}},"20":{"start":{"line":59,"column":2},"end":{"line":59,"column":null}},"21":{"start":{"line":62,"column":2},"end":{"line":62,"column":null}},"22":{"start":{"line":65,"column":2},"end":{"line":65,"column":null}}},"fnMap":{"0":{"name":"(anonymous_1)","decl":{"start":{"line":36,"column":2},"end":{"line":36,"column":14}},"loc":{"start":{"line":36,"column":61},"end":{"line":38,"column":3}}},"1":{"name":"(anonymous_2)","decl":{"start":{"line":50,"column":2},"end":{"line":50,"column":14}},"loc":{"start":{"line":50,"column":77},"end":{"line":54,"column":3}}},"2":{"name":"(anonymous_3)","decl":{"start":{"line":67,"column":2},"end":{"line":67,"column":14}},"loc":{"start":{"line":67,"column":72},"end":{"line":71,"column":3}}}},"branchMap":{},"s":{"0":1,"1":1,"2":1,"3":1,"4":1,"5":0,"6":1,"7":1,"8":1,"9":0,"10":0,"11":0,"12":1,"13":1,"14":1,"15":1,"16":0,"17":0,"18":0,"19":1,"20":1,"21":1,"22":1},"f":{"0":0,"1":0,"2":0},"b":{}}
,"/home/mike/Code/my_projects/povtory-ka-backend/src/classes/Teacher.ts": {"path":"/home/mike/Code/my_projects/povtory-ka-backend/src/classes/Teacher.ts","statementMap":{"0":{"start":{"line":6,"column":0},"end":{"line":6,"column":45}},"1":{"start":{"line":19,"column":4},"end":{"line":19,"column":29}},"2":{"start":{"line":20,"column":4},"end":{"line":20,"column":29}},"3":{"start":{"line":21,"column":4},"end":{"line":21,"column":35}},"4":{"start":{"line":8,"column":0},"end":{"line":8,"column":13}},"5":{"start":{"line":10,"column":2},"end":{"line":10,"column":null}},"6":{"start":{"line":13,"column":2},"end":{"line":13,"column":null}},"7":{"start":{"line":16,"column":2},"end":{"line":16,"column":null}},"8":{"start":{"line":33,"column":4},"end":{"line":33,"column":29}},"9":{"start":{"line":34,"column":4},"end":{"line":34,"column":29}},"10":{"start":{"line":25,"column":0},"end":{"line":25,"column":13}},"11":{"start":{"line":27,"column":2},"end":{"line":27,"column":null}},"12":{"start":{"line":30,"column":2},"end":{"line":30,"column":null}},"13":{"start":{"line":46,"column":4},"end":{"line":46,"column":23}},"14":{"start":{"line":47,"column":4},"end":{"line":47,"column":35}},"15":{"start":{"line":38,"column":0},"end":{"line":38,"column":13}},"16":{"start":{"line":40,"column":2},"end":{"line":40,"column":null}},"17":{"start":{"line":43,"column":2},"end":{"line":43,"column":null}}},"fnMap":{"0":{"name":"(anonymous_1)","decl":{"start":{"line":18,"column":2},"end":{"line":18,"column":14}},"loc":{"start":{"line":18,"column":65},"end":{"line":22,"column":3}}},"1":{"name":"(anonymous_2)","decl":{"start":{"line":32,"column":2},"end":{"line":32,"column":14}},"loc":{"start":{"line":32,"column":54},"end":{"line":35,"column":3}}},"2":{"name":"(anonymous_3)","decl":{"start":{"line":45,"column":2},"end":{"line":45,"column":14}},"loc":{"start":{"line":45,"column":60},"end":{"line":48,"column":3}}}},"branchMap":{},"s":{"0":1,"1":1,"2":1,"3":1,"4":1,"5":1,"6":1,"7":1,"8":0,"9":0,"10":1,"11":1,"12":1,"13":0,"14":0,"15":1,"16":1,"17":1},"f":{"0":1,"1":0,"2":0},"b":{}}
,"/home/mike/Code/my_projects/povtory-ka-backend/src/classes/Token.ts": {"path":"/home/mike/Code/my_projects/povtory-ka-backend/src/classes/Token.ts","statementMap":{"0":{"start":{"line":1,"column":0},"end":{"line":1,"column":45}},"1":{"start":{"line":12,"column":4},"end":{"line":12,"column":23}},"2":{"start":{"line":13,"column":4},"end":{"line":13,"column":29}},"3":{"start":{"line":4,"column":0},"end":{"line":4,"column":13}},"4":{"start":{"line":6,"column":2},"end":{"line":6,"column":null}},"5":{"start":{"line":9,"column":2},"end":{"line":9,"column":null}}},"fnMap":{"0":{"name":"(anonymous_1)","decl":{"start":{"line":11,"column":2},"end":{"line":11,"column":14}},"loc":{"start":{"line":11,"column":47},"end":{"line":14,"column":3}}}},"branchMap":{},"s":{"0":1,"1":0,"2":0,"3":1,"4":1,"5":1},"f":{"0":0},"b":{}}
,"/home/mike/Code/my_projects/povtory-ka-backend/src/classes/classes.ts": {"path":"/home/mike/Code/my_projects/povtory-ka-backend/src/classes/classes.ts","statementMap":{"0":{"start":{"line":1,"column":0},"end":{"line":1,"column":52}},"1":{"start":{"line":4,"column":0},"end":{"line":4,"column":13}},"2":{"start":{"line":8,"column":2},"end":{"line":8,"column":null}},"3":{"start":{"line":11,"column":2},"end":{"line":11,"column":null}},"4":{"start":{"line":18,"column":2},"end":{"line":18,"column":null}},"5":{"start":{"line":23,"column":0},"end":{"line":23,"column":13}},"6":{"start":{"line":27,"column":0},"end":{"line":27,"column":13}},"7":{"start":{"line":29,"column":2},"end":{"line":29,"column":null}},"8":{"start":{"line":32,"column":2},"end":{"line":32,"column":null}},"9":{"start":{"line":35,"column":2},"end":{"line":35,"column":null}},"10":{"start":{"line":38,"column":2},"end":{"line":38,"column":null}},"11":{"start":{"line":41,"column":2},"end":{"line":41,"column":null}},"12":{"start":{"line":45,"column":2},"end":{"line":45,"column":null}},"13":{"start":{"line":49,"column":2},"end":{"line":49,"column":null}},"14":{"start":{"line":52,"column":0},"end":{"line":52,"column":13}},"15":{"start":{"line":54,"column":2},"end":{"line":54,"column":null}},"16":{"start":{"line":57,"column":2},"end":{"line":57,"column":null}},"17":{"start":{"line":60,"column":2},"end":{"line":60,"column":null}},"18":{"start":{"line":65,"column":2},"end":{"line":65,"column":null}},"19":{"start":{"line":68,"column":2},"end":{"line":68,"column":null}},"20":{"start":{"line":71,"column":2},"end":{"line":71,"column":null}},"21":{"start":{"line":74,"column":2},"end":{"line":74,"column":null}},"22":{"start":{"line":77,"column":2},"end":{"line":77,"column":null}},"23":{"start":{"line":82,"column":2},"end":{"line":82,"column":null}},"24":{"start":{"line":85,"column":2},"end":{"line":85,"column":null}},"25":{"start":{"line":89,"column":2},"end":{"line":89,"column":null}},"26":{"start":{"line":93,"column":2},"end":{"line":93,"column":null}},"27":{"start":{"line":96,"column":2},"end":{"line":96,"column":null}},"28":{"start":{"line":99,"column":0},"end":{"line":99,"column":13}},"29":{"start":{"line":101,"column":2},"end":{"line":101,"column":null}},"30":{"start":{"line":104,"column":2},"end":{"line":104,"column":null}}},"fnMap":{},"branchMap":{},"s":{"0":1,"1":1,"2":1,"3":1,"4":1,"5":1,"6":1,"7":1,"8":1,"9":1,"10":1,"11":1,"12":1,"13":1,"14":1,"15":1,"16":1,"17":1,"18":1,"19":1,"20":1,"21":1,"22":1,"23":1,"24":1,"25":1,"26":1,"27":1,"28":1,"29":1,"30":1},"f":{},"b":{}}
,"/home/mike/Code/my_projects/povtory-ka-backend/src/db/db.ts": {"path":"/home/mike/Code/my_projects/povtory-ka-backend/src/db/db.ts","statementMap":{"0":{"start":{"line":1,"column":0},"end":{"line":1,"column":38}},"1":{"start":{"line":2,"column":0},"end":{"line":2,"column":27}},"2":{"start":{"line":4,"column":13},"end":{"line":12,"column":2}}},"fnMap":{},"branchMap":{},"s":{"0":1,"1":1,"2":1},"f":{},"b":{}}
,"/home/mike/Code/my_projects/povtory-ka-backend/src/db/bin/createCode.ts": {"path":"/home/mike/Code/my_projects/povtory-ka-backend/src/db/bin/createCode.ts","statementMap":{"0":{"start":{"line":1,"column":0},"end":{"line":1,"column":52}},"1":{"start":{"line":3,"column":26},"end":{"line":5,"column":1}},"2":{"start":{"line":4,"column":2},"end":{"line":4,"column":24}},"3":{"start":{"line":3,"column":13},"end":{"line":3,"column":26}}},"fnMap":{"0":{"name":"(anonymous_0)","decl":{"start":{"line":3,"column":26},"end":{"line":3,"column":37}},"loc":{"start":{"line":3,"column":39},"end":{"line":5,"column":1}}}},"branchMap":{},"s":{"0":1,"1":1,"2":0,"3":1},"f":{"0":0},"b":{}}
,"/home/mike/Code/my_projects/povtory-ka-backend/src/db/bin/createRandomString.ts": {"path":"/home/mike/Code/my_projects/povtory-ka-backend/src/db/bin/createRandomString.ts","statementMap":{"0":{"start":{"line":1,"column":26},"end":{"line":3,"column":1}},"1":{"start":{"line":2,"column":2},"end":{"line":2,"column":77}},"2":{"start":{"line":5,"column":24},"end":{"line":7,"column":1}},"3":{"start":{"line":6,"column":2},"end":{"line":6,"column":78}},"4":{"start":{"line":9,"column":21},"end":{"line":11,"column":1}},"5":{"start":{"line":10,"column":2},"end":{"line":10,"column":77}},"6":{"start":{"line":13,"column":28},"end":{"line":27,"column":1}},"7":{"start":{"line":14,"column":15},"end":{"line":14,"column":17}},"8":{"start":{"line":15,"column":2},"end":{"line":25,"column":null}},"9":{"start":{"line":15,"column":15},"end":{"line":15,"column":16}},"10":{"start":{"line":16,"column":17},"end":{"line":16,"column":46}},"11":{"start":{"line":17,"column":4},"end":{"line":19,"column":null}},"12":{"start":{"line":18,"column":6},"end":{"line":18,"column":34}},"13":{"start":{"line":20,"column":4},"end":{"line":24,"column":null}},"14":{"start":{"line":21,"column":6},"end":{"line":21,"column":31}},"15":{"start":{"line":23,"column":6},"end":{"line":23,"column":36}},"16":{"start":{"line":26,"column":2},"end":{"line":26,"column":16}},"17":{"start":{"line":13,"column":13},"end":{"line":13,"column":28}}},"fnMap":{"0":{"name":"(anonymous_0)","decl":{"start":{"line":1,"column":26},"end":{"line":1,"column":29}},"loc":{"start":{"line":1,"column":31},"end":{"line":3,"column":1}}},"1":{"name":"(anonymous_1)","decl":{"start":{"line":5,"column":24},"end":{"line":5,"column":27}},"loc":{"start":{"line":5,"column":29},"end":{"line":7,"column":1}}},"2":{"name":"(anonymous_2)","decl":{"start":{"line":9,"column":21},"end":{"line":9,"column":24}},"loc":{"start":{"line":9,"column":26},"end":{"line":11,"column":1}}},"3":{"name":"(anonymous_3)","decl":{"start":{"line":13,"column":28},"end":{"line":13,"column":31}},"loc":{"start":{"line":13,"column":33},"end":{"line":27,"column":1}}}},"branchMap":{"0":{"loc":{"start":{"line":17,"column":4},"end":{"line":19,"column":null}},"type":"if","locations":[{"start":{"line":17,"column":4},"end":{"line":19,"column":null}}]},"1":{"loc":{"start":{"line":20,"column":4},"end":{"line":24,"column":null}},"type":"if","locations":[{"start":{"line":20,"column":4},"end":{"line":24,"column":null}},{"start":{"line":22,"column":11},"end":{"line":24,"column":null}}]}},"s":{"0":1,"1":0,"2":1,"3":0,"4":1,"5":0,"6":1,"7":0,"8":0,"9":0,"10":0,"11":0,"12":0,"13":0,"14":0,"15":0,"16":0,"17":1},"f":{"0":0,"1":0,"2":0,"3":0},"b":{"0":[0],"1":[0,0]}}
,"/home/mike/Code/my_projects/povtory-ka-backend/src/db/bin/createToken.ts": {"path":"/home/mike/Code/my_projects/povtory-ka-backend/src/db/bin/createToken.ts","statementMap":{"0":{"start":{"line":1,"column":0},"end":{"line":1,"column":52}},"1":{"start":{"line":3,"column":27},"end":{"line":5,"column":1}},"2":{"start":{"line":4,"column":2},"end":{"line":4,"column":24}},"3":{"start":{"line":3,"column":13},"end":{"line":3,"column":27}}},"fnMap":{"0":{"name":"(anonymous_0)","decl":{"start":{"line":3,"column":27},"end":{"line":3,"column":38}},"loc":{"start":{"line":3,"column":40},"end":{"line":5,"column":1}}}},"branchMap":{},"s":{"0":1,"1":1,"2":0,"3":1},"f":{"0":0},"b":{}}
,"/home/mike/Code/my_projects/povtory-ka-backend/src/db/bin/getStudentsData.ts": {"path":"/home/mike/Code/my_projects/povtory-ka-backend/src/db/bin/getStudentsData.ts","statementMap":{"0":{"start":{"line":1,"column":0},"end":{"line":1,"column":47}},"1":{"start":{"line":2,"column":0},"end":{"line":2,"column":47}},"2":{"start":{"line":4,"column":31},"end":{"line":14,"column":2}},"3":{"start":{"line":4,"column":58},"end":{"line":14,"column":2}},"4":{"start":{"line":5,"column":23},"end":{"line":5,"column":79}},"5":{"start":{"line":6,"column":2},"end":{"line":13,"column":null}},"6":{"start":{"line":7,"column":18},"end":{"line":9,"column":6}},"7":{"start":{"line":10,"column":4},"end":{"line":10,"column":17}},"8":{"start":{"line":12,"column":4},"end":{"line":12,"column":16}},"9":{"start":{"line":4,"column":13},"end":{"line":4,"column":31}}},"fnMap":{"0":{"name":"(anonymous_7)","decl":{"start":{"line":4,"column":31},"end":{"line":4,"column":38}},"loc":{"start":{"line":4,"column":58},"end":{"line":14,"column":2}}},"1":{"name":"(anonymous_8)","decl":{"start":{"line":4,"column":58},"end":{"line":4,"column":null}},"loc":{"start":{"line":4,"column":58},"end":{"line":14,"column":1}}}},"branchMap":{"0":{"loc":{"start":{"line":6,"column":2},"end":{"line":13,"column":null}},"type":"if","locations":[{"start":{"line":6,"column":2},"end":{"line":13,"column":null}},{"start":{"line":11,"column":9},"end":{"line":13,"column":null}}]}},"s":{"0":1,"1":1,"2":1,"3":0,"4":0,"5":0,"6":0,"7":0,"8":0,"9":1},"f":{"0":0,"1":0},"b":{"0":[0,0]}}
,"/home/mike/Code/my_projects/povtory-ka-backend/src/db/bin/loginStudent.ts": {"path":"/home/mike/Code/my_projects/povtory-ka-backend/src/db/bin/loginStudent.ts","statementMap":{"0":{"start":{"line":1,"column":0},"end":{"line":1,"column":47}},"1":{"start":{"line":3,"column":0},"end":{"line":3,"column":44}},"2":{"start":{"line":6,"column":28},"end":{"line":18,"column":2}},"3":{"start":{"line":6,"column":59},"end":{"line":18,"column":2}},"4":{"start":{"line":7,"column":47},"end":{"line":7,"column":55}},"5":{"start":{"line":8,"column":18},"end":{"line":10,"column":4}},"6":{"start":{"line":11,"column":2},"end":{"line":16,"column":null}},"7":{"start":{"line":12,"column":18},"end":{"line":12,"column":31}},"8":{"start":{"line":13,"column":4},"end":{"line":13,"column":37}},"9":{"start":{"line":14,"column":16},"end":{"line":14,"column":36}},"10":{"start":{"line":15,"column":4},"end":{"line":15,"column":15}},"11":{"start":{"line":17,"column":2},"end":{"line":17,"column":17}},"12":{"start":{"line":6,"column":13},"end":{"line":6,"column":28}}},"fnMap":{"0":{"name":"(anonymous_7)","decl":{"start":{"line":6,"column":28},"end":{"line":6,"column":35}},"loc":{"start":{"line":6,"column":59},"end":{"line":18,"column":2}}},"1":{"name":"(anonymous_8)","decl":{"start":{"line":6,"column":59},"end":{"line":6,"column":null}},"loc":{"start":{"line":6,"column":59},"end":{"line":18,"column":1}}}},"branchMap":{"0":{"loc":{"start":{"line":11,"column":2},"end":{"line":16,"column":null}},"type":"if","locations":[{"start":{"line":11,"column":2},"end":{"line":16,"column":null}}]}},"s":{"0":1,"1":1,"2":1,"3":0,"4":0,"5":0,"6":0,"7":0,"8":0,"9":0,"10":0,"11":0,"12":1},"f":{"0":0,"1":0},"b":{"0":[0]}}
,"/home/mike/Code/my_projects/povtory-ka-backend/src/db/bin/loginTeacher.ts": {"path":"/home/mike/Code/my_projects/povtory-ka-backend/src/db/bin/loginTeacher.ts","statementMap":{"0":{"start":{"line":1,"column":0},"end":{"line":1,"column":47}},"1":{"start":{"line":3,"column":0},"end":{"line":3,"column":44}},"2":{"start":{"line":5,"column":28},"end":{"line":17,"column":2}},"3":{"start":{"line":5,"column":61},"end":{"line":17,"column":2}},"4":{"start":{"line":6,"column":18},"end":{"line":8,"column":4}},"5":{"start":{"line":9,"column":2},"end":{"line":16,"column":null}},"6":{"start":{"line":10,"column":4},"end":{"line":10,"column":16}},"7":{"start":{"line":12,"column":18},"end":{"line":12,"column":31}},"8":{"start":{"line":13,"column":4},"end":{"line":13,"column":37}},"9":{"start":{"line":14,"column":4},"end":{"line":14,"column":25}},"10":{"start":{"line":15,"column":4},"end":{"line":15,"column":17}},"11":{"start":{"line":5,"column":13},"end":{"line":5,"column":28}}},"fnMap":{"0":{"name":"(anonymous_7)","decl":{"start":{"line":5,"column":28},"end":{"line":5,"column":35}},"loc":{"start":{"line":5,"column":61},"end":{"line":17,"column":2}}},"1":{"name":"(anonymous_8)","decl":{"start":{"line":5,"column":61},"end":{"line":5,"column":null}},"loc":{"start":{"line":5,"column":61},"end":{"line":17,"column":1}}}},"branchMap":{"0":{"loc":{"start":{"line":9,"column":2},"end":{"line":16,"column":null}},"type":"if","locations":[{"start":{"line":9,"column":2},"end":{"line":16,"column":null}},{"start":{"line":11,"column":9},"end":{"line":16,"column":null}}]}},"s":{"0":1,"1":1,"2":1,"3":0,"4":0,"5":0,"6":0,"7":0,"8":0,"9":0,"10":0,"11":1},"f":{"0":0,"1":0},"b":{"0":[0,0]}}
,"/home/mike/Code/my_projects/povtory-ka-backend/src/db/bin/saveNewStudentCode.ts": {"path":"/home/mike/Code/my_projects/povtory-ka-backend/src/db/bin/saveNewStudentCode.ts","statementMap":{"0":{"start":{"line":1,"column":0},"end":{"line":1,"column":55}},"1":{"start":{"line":2,"column":0},"end":{"line":2,"column":47}},"2":{"start":{"line":3,"column":0},"end":{"line":3,"column":47}},"3":{"start":{"line":5,"column":34},"end":{"line":20,"column":2}},"4":{"start":{"line":8,"column":4},"end":{"line":20,"column":2}},"5":{"start":{"line":9,"column":23},"end":{"line":11,"column":4}},"6":{"start":{"line":12,"column":15},"end":{"line":12,"column":27}},"7":{"start":{"line":13,"column":25},"end":{"line":17,"column":4}},"8":{"start":{"line":18,"column":14},"end":{"line":18,"column":41}},"9":{"start":{"line":19,"column":2},"end":{"line":19,"column":13}},"10":{"start":{"line":5,"column":13},"end":{"line":5,"column":34}}},"fnMap":{"0":{"name":"(anonymous_7)","decl":{"start":{"line":5,"column":34},"end":{"line":5,"column":null}},"loc":{"start":{"line":8,"column":4},"end":{"line":20,"column":2}}},"1":{"name":"(anonymous_8)","decl":{"start":{"line":8,"column":4},"end":{"line":8,"column":null}},"loc":{"start":{"line":8,"column":4},"end":{"line":20,"column":1}}}},"branchMap":{},"s":{"0":1,"1":1,"2":1,"3":1,"4":0,"5":0,"6":0,"7":0,"8":0,"9":0,"10":1},"f":{"0":0,"1":0},"b":{}}
,"/home/mike/Code/my_projects/povtory-ka-backend/src/db/bin/saveStudent.ts": {"path":"/home/mike/Code/my_projects/povtory-ka-backend/src/db/bin/saveStudent.ts","statementMap":{"0":{"start":{"line":1,"column":0},"end":{"line":1,"column":63}},"1":{"start":{"line":3,"column":0},"end":{"line":3,"column":55}},"2":{"start":{"line":5,"column":27},"end":{"line":16,"column":2}},"3":{"start":{"line":5,"column":63},"end":{"line":16,"column":2}},"4":{"start":{"line":6,"column":27},"end":{"line":8,"column":4}},"5":{"start":{"line":9,"column":15},"end":{"line":14,"column":4}},"6":{"start":{"line":15,"column":2},"end":{"line":15,"column":20}},"7":{"start":{"line":5,"column":13},"end":{"line":5,"column":27}}},"fnMap":{"0":{"name":"(anonymous_7)","decl":{"start":{"line":5,"column":27},"end":{"line":5,"column":34}},"loc":{"start":{"line":5,"column":63},"end":{"line":16,"column":2}}},"1":{"name":"(anonymous_8)","decl":{"start":{"line":5,"column":63},"end":{"line":5,"column":null}},"loc":{"start":{"line":5,"column":63},"end":{"line":16,"column":1}}}},"branchMap":{},"s":{"0":1,"1":1,"2":1,"3":0,"4":0,"5":0,"6":0,"7":1},"f":{"0":0,"1":0},"b":{}}
,"/home/mike/Code/my_projects/povtory-ka-backend/src/db/bin/saveTeacher.ts": {"path":"/home/mike/Code/my_projects/povtory-ka-backend/src/db/bin/saveTeacher.ts","statementMap":{"0":{"start":{"line":1,"column":0},"end":{"line":1,"column":63}},"1":{"start":{"line":4,"column":27},"end":{"line":10,"column":2}},"2":{"start":{"line":4,"column":58},"end":{"line":10,"column":2}},"3":{"start":{"line":5,"column":18},"end":{"line":8,"column":4}},"4":{"start":{"line":9,"column":2},"end":{"line":9,"column":23}},"5":{"start":{"line":4,"column":13},"end":{"line":4,"column":27}}},"fnMap":{"0":{"name":"(anonymous_7)","decl":{"start":{"line":4,"column":27},"end":{"line":4,"column":34}},"loc":{"start":{"line":4,"column":58},"end":{"line":10,"column":2}}},"1":{"name":"(anonymous_8)","decl":{"start":{"line":4,"column":58},"end":{"line":4,"column":null}},"loc":{"start":{"line":4,"column":58},"end":{"line":10,"column":1}}}},"branchMap":{},"s":{"0":1,"1":1,"2":1,"3":1,"4":1,"5":1},"f":{"0":1,"1":1},"b":{}}
,"/home/mike/Code/my_projects/povtory-ka-backend/src/db/bin/validateSpecialCode.ts": {"path":"/home/mike/Code/my_projects/povtory-ka-backend/src/db/bin/validateSpecialCode.ts","statementMap":{"0":{"start":{"line":1,"column":0},"end":{"line":1,"column":55}},"1":{"start":{"line":2,"column":0},"end":{"line":2,"column":55}},"2":{"start":{"line":4,"column":35},"end":{"line":15,"column":2}},"3":{"start":{"line":4,"column":74},"end":{"line":15,"column":2}},"4":{"start":{"line":5,"column":2},"end":{"line":14,"column":null}},"5":{"start":{"line":7,"column":26},"end":{"line":7,"column":78}},"6":{"start":{"line":8,"column":6},"end":{"line":8,"column":37}},"7":{"start":{"line":8,"column":24},"end":{"line":8,"column":37}},"8":{"start":{"line":9,"column":6},"end":{"line":9,"column":18}},"9":{"start":{"line":11,"column":26},"end":{"line":11,"column":78}},"10":{"start":{"line":12,"column":6},"end":{"line":12,"column":37}},"11":{"start":{"line":12,"column":24},"end":{"line":12,"column":37}},"12":{"start":{"line":13,"column":6},"end":{"line":13,"column":18}},"13":{"start":{"line":4,"column":13},"end":{"line":4,"column":35}}},"fnMap":{"0":{"name":"(anonymous_7)","decl":{"start":{"line":4,"column":35},"end":{"line":4,"column":42}},"loc":{"start":{"line":4,"column":74},"end":{"line":15,"column":2}}},"1":{"name":"(anonymous_8)","decl":{"start":{"line":4,"column":74},"end":{"line":4,"column":null}},"loc":{"start":{"line":4,"column":74},"end":{"line":15,"column":1}}}},"branchMap":{"0":{"loc":{"start":{"line":5,"column":2},"end":{"line":14,"column":null}},"type":"switch","locations":[{"start":{"line":6,"column":4},"end":{"line":9,"column":18}},{"start":{"line":10,"column":4},"end":{"line":13,"column":18}}]},"1":{"loc":{"start":{"line":8,"column":6},"end":{"line":8,"column":37}},"type":"if","locations":[{"start":{"line":8,"column":6},"end":{"line":8,"column":37}}]},"2":{"loc":{"start":{"line":12,"column":6},"end":{"line":12,"column":37}},"type":"if","locations":[{"start":{"line":12,"column":6},"end":{"line":12,"column":37}}]}},"s":{"0":1,"1":1,"2":1,"3":1,"4":1,"5":1,"6":1,"7":0,"8":1,"9":0,"10":0,"11":0,"12":0,"13":1},"f":{"0":1,"1":1},"b":{"0":[1,0],"1":[0],"2":[0]}}
,"/home/mike/Code/my_projects/povtory-ka-backend/src/db/bin/validateToken.ts": {"path":"/home/mike/Code/my_projects/povtory-ka-backend/src/db/bin/validateToken.ts","statementMap":{"0":{"start":{"line":1,"column":0},"end":{"line":1,"column":47}},"1":{"start":{"line":2,"column":0},"end":{"line":2,"column":53}},"2":{"start":{"line":4,"column":29},"end":{"line":21,"column":2}},"3":{"start":{"line":8,"column":4},"end":{"line":21,"column":2}},"4":{"start":{"line":9,"column":2},"end":{"line":20,"column":null}},"5":{"start":{"line":11,"column":22},"end":{"line":13,"column":8}},"6":{"start":{"line":14,"column":6},"end":{"line":14,"column":36}},"7":{"start":{"line":16,"column":19},"end":{"line":18,"column":8}},"8":{"start":{"line":19,"column":6},"end":{"line":19,"column":33}},"9":{"start":{"line":4,"column":13},"end":{"line":4,"column":29}}},"fnMap":{"0":{"name":"(anonymous_7)","decl":{"start":{"line":4,"column":29},"end":{"line":4,"column":null}},"loc":{"start":{"line":8,"column":4},"end":{"line":21,"column":2}}},"1":{"name":"(anonymous_8)","decl":{"start":{"line":8,"column":4},"end":{"line":8,"column":null}},"loc":{"start":{"line":8,"column":4},"end":{"line":21,"column":1}}}},"branchMap":{"0":{"loc":{"start":{"line":9,"column":2},"end":{"line":20,"column":null}},"type":"switch","locations":[{"start":{"line":10,"column":4},"end":{"line":14,"column":36}},{"start":{"line":15,"column":4},"end":{"line":19,"column":33}}]},"1":{"loc":{"start":{"line":14,"column":13},"end":{"line":14,"column":35}},"type":"cond-expr","locations":[{"start":{"line":14,"column":23},"end":{"line":14,"column":27}},{"start":{"line":14,"column":30},"end":{"line":14,"column":35}}]},"2":{"loc":{"start":{"line":19,"column":13},"end":{"line":19,"column":32}},"type":"cond-expr","locations":[{"start":{"line":19,"column":20},"end":{"line":19,"column":24}},{"start":{"line":19,"column":27},"end":{"line":19,"column":32}}]}},"s":{"0":1,"1":1,"2":1,"3":0,"4":0,"5":0,"6":0,"7":0,"8":0,"9":1},"f":{"0":0,"1":0},"b":{"0":[0,0],"1":[0,0],"2":[0,0]}}
,"/home/mike/Code/my_projects/povtory-ka-backend/src/db/ormModels/Student.ts": {"path":"/home/mike/Code/my_projects/povtory-ka-backend/src/db/ormModels/Student.ts","statementMap":{"0":{"start":{"line":1,"column":0},"end":{"line":1,"column":38}},"1":{"start":{"line":2,"column":0},"end":{"line":2,"column":41}},"2":{"start":{"line":4,"column":13},"end":{"line":61,"column":2}}},"fnMap":{},"branchMap":{},"s":{"0":1,"1":1,"2":1},"f":{},"b":{}}
,"/home/mike/Code/my_projects/povtory-ka-backend/src/db/ormModels/StudentCode.ts": {"path":"/home/mike/Code/my_projects/povtory-ka-backend/src/db/ormModels/StudentCode.ts","statementMap":{"0":{"start":{"line":1,"column":0},"end":{"line":1,"column":38}},"1":{"start":{"line":2,"column":0},"end":{"line":2,"column":41}},"2":{"start":{"line":4,"column":13},"end":{"line":37,"column":3}}},"fnMap":{},"branchMap":{},"s":{"0":1,"1":1,"2":1},"f":{},"b":{}}
,"/home/mike/Code/my_projects/povtory-ka-backend/src/db/ormModels/Teacher.ts": {"path":"/home/mike/Code/my_projects/povtory-ka-backend/src/db/ormModels/Teacher.ts","statementMap":{"0":{"start":{"line":1,"column":0},"end":{"line":1,"column":49}},"1":{"start":{"line":2,"column":0},"end":{"line":2,"column":41}},"2":{"start":{"line":4,"column":13},"end":{"line":45,"column":2}}},"fnMap":{},"branchMap":{},"s":{"0":1,"1":1,"2":1},"f":{},"b":{}}
,"/home/mike/Code/my_projects/povtory-ka-backend/src/db/ormModels/TeacherCode.ts": {"path":"/home/mike/Code/my_projects/povtory-ka-backend/src/db/ormModels/TeacherCode.ts","statementMap":{"0":{"start":{"line":1,"column":0},"end":{"line":1,"column":38}},"1":{"start":{"line":2,"column":0},"end":{"line":2,"column":41}},"2":{"start":{"line":4,"column":13},"end":{"line":23,"column":3}}},"fnMap":{},"branchMap":{},"s":{"0":1,"1":1,"2":1},"f":{},"b":{}}
,"/home/mike/Code/my_projects/povtory-ka-backend/src/handlers/getWordsHandler.ts": {"path":"/home/mike/Code/my_projects/povtory-ka-backend/src/handlers/getWordsHandler.ts","statementMap":{"0":{"start":{"line":2,"column":0},"end":{"line":2,"column":75}},"1":{"start":{"line":5,"column":31},"end":{"line":35,"column":2}},"2":{"start":{"line":8,"column":4},"end":{"line":35,"column":2}},"3":{"start":{"line":9,"column":2},"end":{"line":34,"column":null}},"4":{"start":{"line":11,"column":40},"end":{"line":11,"column":73}},"5":{"start":{"line":13,"column":4},"end":{"line":13,"column":73}},"6":{"start":{"line":13,"column":32},"end":{"line":13,"column":73}},"7":{"start":{"line":16,"column":51},"end":{"line":17,"column":null}},"8":{"start":{"line":20,"column":4},"end":{"line":23,"column":null}},"9":{"start":{"line":21,"column":6},"end":{"line":21,"column":26}},"10":{"start":{"line":22,"column":6},"end":{"line":22,"column":42}},"11":{"start":{"line":24,"column":4},"end":{"line":27,"column":null}},"12":{"start":{"line":25,"column":6},"end":{"line":25,"column":36}},"13":{"start":{"line":26,"column":6},"end":{"line":26,"column":52}},"14":{"start":{"line":30,"column":4},"end":{"line":30,"column":32}},"15":{"start":{"line":32,"column":4},"end":{"line":32,"column":23}},"16":{"start":{"line":33,"column":4},"end":{"line":33,"column":39}},"17":{"start":{"line":5,"column":13},"end":{"line":5,"column":31}}},"fnMap":{"0":{"name":"(anonymous_7)","decl":{"start":{"line":5,"column":31},"end":{"line":5,"column":null}},"loc":{"start":{"line":8,"column":4},"end":{"line":35,"column":2}}},"1":{"name":"(anonymous_8)","decl":{"start":{"line":8,"column":4},"end":{"line":8,"column":null}},"loc":{"start":{"line":8,"column":4},"end":{"line":35,"column":1}}}},"branchMap":{"0":{"loc":{"start":{"line":13,"column":4},"end":{"line":13,"column":73}},"type":"if","locations":[{"start":{"line":13,"column":4},"end":{"line":13,"column":73}}]},"1":{"loc":{"start":{"line":20,"column":4},"end":{"line":23,"column":null}},"type":"if","locations":[{"start":{"line":20,"column":4},"end":{"line":23,"column":null}}]},"2":{"loc":{"start":{"line":24,"column":4},"end":{"line":27,"column":null}},"type":"if","locations":[{"start":{"line":24,"column":4},"end":{"line":27,"column":null}}]}},"s":{"0":1,"1":1,"2":0,"3":0,"4":0,"5":0,"6":0,"7":0,"8":0,"9":0,"10":0,"11":0,"12":0,"13":0,"14":0,"15":0,"16":0,"17":1},"f":{"0":0,"1":0},"b":{"0":[0],"1":[0],"2":[0]}}
,"/home/mike/Code/my_projects/povtory-ka-backend/src/handlers/loginStudentHandler.ts": {"path":"/home/mike/Code/my_projects/povtory-ka-backend/src/handlers/loginStudentHandler.ts","statementMap":{"0":{"start":{"line":2,"column":0},"end":{"line":2,"column":54}},"1":{"start":{"line":3,"column":0},"end":{"line":3,"column":65}},"2":{"start":{"line":4,"column":0},"end":{"line":4,"column":67}},"3":{"start":{"line":6,"column":35},"end":{"line":33,"column":2}},"4":{"start":{"line":9,"column":4},"end":{"line":33,"column":2}},"5":{"start":{"line":11,"column":2},"end":{"line":18,"column":null}},"6":{"start":{"line":12,"column":4},"end":{"line":12,"column":57}},"7":{"start":{"line":14,"column":4},"end":{"line":17,"column":7}},"8":{"start":{"line":21,"column":2},"end":{"line":32,"column":null}},"9":{"start":{"line":22,"column":24},"end":{"line":22,"column":47}},"10":{"start":{"line":23,"column":4},"end":{"line":27,"column":null}},"11":{"start":{"line":24,"column":6},"end":{"line":24,"column":47}},"12":{"start":{"line":26,"column":6},"end":{"line":26,"column":66}},"13":{"start":{"line":29,"column":4},"end":{"line":31,"column":7}},"14":{"start":{"line":6,"column":13},"end":{"line":6,"column":35}}},"fnMap":{"0":{"name":"(anonymous_7)","decl":{"start":{"line":6,"column":35},"end":{"line":6,"column":null}},"loc":{"start":{"line":9,"column":4},"end":{"line":33,"column":2}}},"1":{"name":"(anonymous_8)","decl":{"start":{"line":9,"column":4},"end":{"line":9,"column":null}},"loc":{"start":{"line":9,"column":4},"end":{"line":33,"column":1}}}},"branchMap":{"0":{"loc":{"start":{"line":23,"column":4},"end":{"line":27,"column":null}},"type":"if","locations":[{"start":{"line":23,"column":4},"end":{"line":27,"column":null}},{"start":{"line":25,"column":11},"end":{"line":27,"column":null}}]}},"s":{"0":1,"1":1,"2":1,"3":1,"4":0,"5":0,"6":0,"7":0,"8":0,"9":0,"10":0,"11":0,"12":0,"13":0,"14":1},"f":{"0":0,"1":0},"b":{"0":[0,0]}}
,"/home/mike/Code/my_projects/povtory-ka-backend/src/handlers/loginTeacherHandler.ts": {"path":"/home/mike/Code/my_projects/povtory-ka-backend/src/handlers/loginTeacherHandler.ts","statementMap":{"0":{"start":{"line":2,"column":0},"end":{"line":2,"column":54}},"1":{"start":{"line":3,"column":0},"end":{"line":3,"column":65}},"2":{"start":{"line":4,"column":0},"end":{"line":4,"column":67}},"3":{"start":{"line":6,"column":35},"end":{"line":31,"column":2}},"4":{"start":{"line":9,"column":4},"end":{"line":31,"column":2}},"5":{"start":{"line":12,"column":2},"end":{"line":16,"column":null}},"6":{"start":{"line":13,"column":4},"end":{"line":13,"column":73}},"7":{"start":{"line":15,"column":4},"end":{"line":15,"column":66}},"8":{"start":{"line":19,"column":2},"end":{"line":30,"column":null}},"9":{"start":{"line":20,"column":25},"end":{"line":20,"column":58}},"10":{"start":{"line":21,"column":4},"end":{"line":25,"column":null}},"11":{"start":{"line":22,"column":6},"end":{"line":22,"column":59}},"12":{"start":{"line":24,"column":6},"end":{"line":24,"column":66}},"13":{"start":{"line":27,"column":4},"end":{"line":29,"column":7}},"14":{"start":{"line":6,"column":13},"end":{"line":6,"column":35}}},"fnMap":{"0":{"name":"(anonymous_7)","decl":{"start":{"line":6,"column":35},"end":{"line":6,"column":null}},"loc":{"start":{"line":9,"column":4},"end":{"line":31,"column":2}}},"1":{"name":"(anonymous_8)","decl":{"start":{"line":9,"column":4},"end":{"line":9,"column":null}},"loc":{"start":{"line":9,"column":4},"end":{"line":31,"column":1}}}},"branchMap":{"0":{"loc":{"start":{"line":21,"column":4},"end":{"line":25,"column":null}},"type":"if","locations":[{"start":{"line":21,"column":4},"end":{"line":25,"column":null}},{"start":{"line":23,"column":11},"end":{"line":25,"column":null}}]}},"s":{"0":1,"1":1,"2":1,"3":1,"4":0,"5":0,"6":0,"7":0,"8":0,"9":0,"10":0,"11":0,"12":0,"13":0,"14":1},"f":{"0":0,"1":0},"b":{"0":[0,0]}}
,"/home/mike/Code/my_projects/povtory-ka-backend/src/handlers/registerNewStudentCodeHandler.ts": {"path":"/home/mike/Code/my_projects/povtory-ka-backend/src/handlers/registerNewStudentCodeHandler.ts","statementMap":{"0":{"start":{"line":2,"column":0},"end":{"line":2,"column":73}},"1":{"start":{"line":3,"column":0},"end":{"line":3,"column":56}},"2":{"start":{"line":4,"column":0},"end":{"line":4,"column":66}},"3":{"start":{"line":5,"column":0},"end":{"line":5,"column":65}},"4":{"start":{"line":7,"column":45},"end":{"line":51,"column":2}},"5":{"start":{"line":10,"column":4},"end":{"line":51,"column":2}},"6":{"start":{"line":13,"column":2},"end":{"line":20,"column":null}},"7":{"start":{"line":14,"column":4},"end":{"line":14,"column":76}},"8":{"start":{"line":16,"column":4},"end":{"line":19,"column":7}},"9":{"start":{"line":23,"column":2},"end":{"line":39,"column":null}},"10":{"start":{"line":24,"column":4},"end":{"line":34,"column":null}},"11":{"start":{"line":31,"column":6},"end":{"line":33,"column":9}},"12":{"start":{"line":36,"column":4},"end":{"line":38,"column":7}},"13":{"start":{"line":42,"column":2},"end":{"line":50,"column":null}},"14":{"start":{"line":43,"column":27},"end":{"line":45,"column":null}},"15":{"start":{"line":47,"column":4},"end":{"line":47,"column":48}},"16":{"start":{"line":49,"column":4},"end":{"line":49,"column":73}},"17":{"start":{"line":7,"column":13},"end":{"line":7,"column":45}}},"fnMap":{"0":{"name":"(anonymous_7)","decl":{"start":{"line":7,"column":45},"end":{"line":7,"column":null}},"loc":{"start":{"line":10,"column":4},"end":{"line":51,"column":2}}},"1":{"name":"(anonymous_8)","decl":{"start":{"line":10,"column":4},"end":{"line":10,"column":null}},"loc":{"start":{"line":10,"column":4},"end":{"line":51,"column":1}}}},"branchMap":{"0":{"loc":{"start":{"line":24,"column":4},"end":{"line":34,"column":null}},"type":"if","locations":[{"start":{"line":24,"column":4},"end":{"line":34,"column":null}}]}},"s":{"0":1,"1":1,"2":1,"3":1,"4":1,"5":0,"6":0,"7":0,"8":0,"9":0,"10":0,"11":0,"12":0,"13":0,"14":0,"15":0,"16":0,"17":1},"f":{"0":0,"1":0},"b":{"0":[0]}}
,"/home/mike/Code/my_projects/povtory-ka-backend/src/handlers/registerStudentHandler.ts": {"path":"/home/mike/Code/my_projects/povtory-ka-backend/src/handlers/registerStudentHandler.ts","statementMap":{"0":{"start":{"line":2,"column":0},"end":{"line":2,"column":71}},"1":{"start":{"line":3,"column":0},"end":{"line":3,"column":65}},"2":{"start":{"line":4,"column":0},"end":{"line":4,"column":68}},"3":{"start":{"line":5,"column":0},"end":{"line":5,"column":52}},"4":{"start":{"line":7,"column":38},"end":{"line":39,"column":2}},"5":{"start":{"line":10,"column":4},"end":{"line":39,"column":2}},"6":{"start":{"line":14,"column":2},"end":{"line":20,"column":null}},"7":{"start":{"line":15,"column":4},"end":{"line":15,"column":75}},"8":{"start":{"line":17,"column":4},"end":{"line":19,"column":77}},"9":{"start":{"line":23,"column":2},"end":{"line":29,"column":null}},"10":{"start":{"line":24,"column":4},"end":{"line":26,"column":null}},"11":{"start":{"line":25,"column":6},"end":{"line":25,"column":68}},"12":{"start":{"line":28,"column":4},"end":{"line":28,"column":73}},"13":{"start":{"line":32,"column":2},"end":{"line":36,"column":null}},"14":{"start":{"line":33,"column":4},"end":{"line":33,"column":37}},"15":{"start":{"line":35,"column":4},"end":{"line":35,"column":73}},"16":{"start":{"line":38,"column":2},"end":{"line":38,"column":66}},"17":{"start":{"line":7,"column":13},"end":{"line":7,"column":38}}},"fnMap":{"0":{"name":"(anonymous_7)","decl":{"start":{"line":7,"column":38},"end":{"line":7,"column":null}},"loc":{"start":{"line":10,"column":4},"end":{"line":39,"column":2}}},"1":{"name":"(anonymous_8)","decl":{"start":{"line":10,"column":4},"end":{"line":10,"column":null}},"loc":{"start":{"line":10,"column":4},"end":{"line":39,"column":1}}}},"branchMap":{"0":{"loc":{"start":{"line":24,"column":4},"end":{"line":26,"column":null}},"type":"if","locations":[{"start":{"line":24,"column":4},"end":{"line":26,"column":null}}]}},"s":{"0":1,"1":1,"2":1,"3":1,"4":1,"5":0,"6":0,"7":0,"8":0,"9":0,"10":0,"11":0,"12":0,"13":0,"14":0,"15":0,"16":0,"17":1},"f":{"0":0,"1":0},"b":{"0":[0]}}
,"/home/mike/Code/my_projects/povtory-ka-backend/src/handlers/registerTeacherHandler.ts": {"path":"/home/mike/Code/my_projects/povtory-ka-backend/src/handlers/registerTeacherHandler.ts","statementMap":{"0":{"start":{"line":2,"column":0},"end":{"line":2,"column":52}},"1":{"start":{"line":3,"column":0},"end":{"line":3,"column":65}},"2":{"start":{"line":4,"column":0},"end":{"line":4,"column":63}},"3":{"start":{"line":5,"column":0},"end":{"line":5,"column":68}},"4":{"start":{"line":7,"column":38},"end":{"line":40,"column":2}},"5":{"start":{"line":10,"column":4},"end":{"line":40,"column":2}},"6":{"start":{"line":14,"column":2},"end":{"line":20,"column":null}},"7":{"start":{"line":15,"column":4},"end":{"line":15,"column":71}},"8":{"start":{"line":17,"column":4},"end":{"line":19,"column":77}},"9":{"start":{"line":22,"column":2},"end":{"line":28,"column":null}},"10":{"start":{"line":23,"column":4},"end":{"line":25,"column":null}},"11":{"start":{"line":24,"column":6},"end":{"line":24,"column":68}},"12":{"start":{"line":27,"column":4},"end":{"line":27,"column":73}},"13":{"start":{"line":31,"column":2},"end":{"line":37,"column":null}},"14":{"start":{"line":32,"column":4},"end":{"line":32,"column":37}},"15":{"start":{"line":34,"column":4},"end":{"line":36,"column":75}},"16":{"start":{"line":39,"column":2},"end":{"line":39,"column":66}},"17":{"start":{"line":7,"column":13},"end":{"line":7,"column":38}}},"fnMap":{"0":{"name":"(anonymous_7)","decl":{"start":{"line":7,"column":38},"end":{"line":7,"column":null}},"loc":{"start":{"line":10,"column":4},"end":{"line":40,"column":2}}},"1":{"name":"(anonymous_8)","decl":{"start":{"line":10,"column":4},"end":{"line":10,"column":null}},"loc":{"start":{"line":10,"column":4},"end":{"line":40,"column":1}}}},"branchMap":{"0":{"loc":{"start":{"line":23,"column":4},"end":{"line":25,"column":null}},"type":"if","locations":[{"start":{"line":23,"column":4},"end":{"line":25,"column":null}}]}},"s":{"0":1,"1":1,"2":1,"3":1,"4":1,"5":1,"6":1,"7":1,"8":0,"9":1,"10":1,"11":0,"12":0,"13":1,"14":1,"15":0,"16":1,"17":1},"f":{"0":1,"1":1},"b":{"0":[0]}}
,"/home/mike/Code/my_projects/povtory-ka-backend/src/handlers/returnStudentsDataHandler.ts": {"path":"/home/mike/Code/my_projects/povtory-ka-backend/src/handlers/returnStudentsDataHandler.ts","statementMap":{"0":{"start":{"line":1,"column":0},"end":{"line":1,"column":60}},"1":{"start":{"line":2,"column":0},"end":{"line":2,"column":77}},"2":{"start":{"line":3,"column":0},"end":{"line":3,"column":65}},"3":{"start":{"line":4,"column":0},"end":{"line":4,"column":56}},"4":{"start":{"line":7,"column":41},"end":{"line":45,"column":2}},"5":{"start":{"line":10,"column":4},"end":{"line":45,"column":2}},"6":{"start":{"line":13,"column":2},"end":{"line":19,"column":null}},"7":{"start":{"line":14,"column":4},"end":{"line":14,"column":79}},"8":{"start":{"line":16,"column":4},"end":{"line":18,"column":77}},"9":{"start":{"line":22,"column":2},"end":{"line":32,"column":null}},"10":{"start":{"line":23,"column":4},"end":{"line":29,"column":null}},"11":{"start":{"line":26,"column":6},"end":{"line":28,"column":62}},"12":{"start":{"line":31,"column":4},"end":{"line":31,"column":73}},"13":{"start":{"line":35,"column":2},"end":{"line":44,"column":null}},"14":{"start":{"line":36,"column":25},"end":{"line":36,"column":73}},"15":{"start":{"line":37,"column":4},"end":{"line":41,"column":null}},"16":{"start":{"line":38,"column":6},"end":{"line":38,"column":48}},"17":{"start":{"line":40,"column":6},"end":{"line":40,"column":67}},"18":{"start":{"line":43,"column":4},"end":{"line":43,"column":73}},"19":{"start":{"line":7,"column":13},"end":{"line":7,"column":41}}},"fnMap":{"0":{"name":"(anonymous_7)","decl":{"start":{"line":7,"column":41},"end":{"line":7,"column":null}},"loc":{"start":{"line":10,"column":4},"end":{"line":45,"column":2}}},"1":{"name":"(anonymous_8)","decl":{"start":{"line":10,"column":4},"end":{"line":10,"column":null}},"loc":{"start":{"line":10,"column":4},"end":{"line":45,"column":1}}}},"branchMap":{"0":{"loc":{"start":{"line":23,"column":4},"end":{"line":29,"column":null}},"type":"if","locations":[{"start":{"line":23,"column":4},"end":{"line":29,"column":null}}]},"1":{"loc":{"start":{"line":37,"column":4},"end":{"line":41,"column":null}},"type":"if","locations":[{"start":{"line":37,"column":4},"end":{"line":41,"column":null}},{"start":{"line":39,"column":11},"end":{"line":41,"column":null}}]}},"s":{"0":1,"1":1,"2":1,"3":1,"4":1,"5":0,"6":0,"7":0,"8":0,"9":0,"10":0,"11":0,"12":0,"13":0,"14":0,"15":0,"16":0,"17":0,"18":0,"19":1},"f":{"0":0,"1":0},"b":{"0":[0],"1":[0,0]}}
,"/home/mike/Code/my_projects/povtory-ka-backend/src/handlers/validateStudentTokenHandler.ts": {"path":"/home/mike/Code/my_projects/povtory-ka-backend/src/handlers/validateStudentTokenHandler.ts","statementMap":{"0":{"start":{"line":2,"column":0},"end":{"line":2,"column":61}},"1":{"start":{"line":3,"column":0},"end":{"line":3,"column":56}},"2":{"start":{"line":4,"column":0},"end":{"line":4,"column":65}},"3":{"start":{"line":6,"column":43},"end":{"line":37,"column":2}},"4":{"start":{"line":9,"column":4},"end":{"line":37,"column":2}},"5":{"start":{"line":12,"column":2},"end":{"line":18,"column":null}},"6":{"start":{"line":13,"column":4},"end":{"line":13,"column":70}},"7":{"start":{"line":15,"column":4},"end":{"line":17,"column":77}},"8":{"start":{"line":21,"column":2},"end":{"line":36,"column":null}},"9":{"start":{"line":22,"column":19},"end":{"line":25,"column":null}},"10":{"start":{"line":27,"column":4},"end":{"line":33,"column":null}},"11":{"start":{"line":28,"column":6},"end":{"line":28,"column":42}},"12":{"start":{"line":30,"column":6},"end":{"line":32,"column":70}},"13":{"start":{"line":35,"column":4},"end":{"line":35,"column":73}},"14":{"start":{"line":6,"column":13},"end":{"line":6,"column":43}}},"fnMap":{"0":{"name":"(anonymous_7)","decl":{"start":{"line":6,"column":43},"end":{"line":6,"column":null}},"loc":{"start":{"line":9,"column":4},"end":{"line":37,"column":2}}},"1":{"name":"(anonymous_8)","decl":{"start":{"line":9,"column":4},"end":{"line":9,"column":null}},"loc":{"start":{"line":9,"column":4},"end":{"line":37,"column":1}}}},"branchMap":{"0":{"loc":{"start":{"line":27,"column":4},"end":{"line":33,"column":null}},"type":"if","locations":[{"start":{"line":27,"column":4},"end":{"line":33,"column":null}},{"start":{"line":29,"column":11},"end":{"line":33,"column":null}}]}},"s":{"0":1,"1":1,"2":1,"3":1,"4":0,"5":0,"6":0,"7":0,"8":0,"9":0,"10":0,"11":0,"12":0,"13":0,"14":1},"f":{"0":0,"1":0},"b":{"0":[0,0]}}
,"/home/mike/Code/my_projects/povtory-ka-backend/src/handlers/validateTeacherTokenHandler.ts": {"path":"/home/mike/Code/my_projects/povtory-ka-backend/src/handlers/validateTeacherTokenHandler.ts","statementMap":{"0":{"start":{"line":2,"column":0},"end":{"line":2,"column":56}},"1":{"start":{"line":3,"column":0},"end":{"line":3,"column":65}},"2":{"start":{"line":4,"column":0},"end":{"line":4,"column":61}},"3":{"start":{"line":6,"column":43},"end":{"line":37,"column":2}},"4":{"start":{"line":9,"column":4},"end":{"line":37,"column":2}},"5":{"start":{"line":12,"column":2},"end":{"line":18,"column":null}},"6":{"start":{"line":13,"column":4},"end":{"line":13,"column":70}},"7":{"start":{"line":15,"column":4},"end":{"line":17,"column":78}},"8":{"start":{"line":21,"column":2},"end":{"line":36,"column":null}},"9":{"start":{"line":22,"column":19},"end":{"line":25,"column":null}},"10":{"start":{"line":27,"column":4},"end":{"line":33,"column":null}},"11":{"start":{"line":28,"column":6},"end":{"line":28,"column":42}},"12":{"start":{"line":30,"column":6},"end":{"line":32,"column":73}},"13":{"start":{"line":35,"column":4},"end":{"line":35,"column":73}},"14":{"start":{"line":6,"column":13},"end":{"line":6,"column":43}}},"fnMap":{"0":{"name":"(anonymous_7)","decl":{"start":{"line":6,"column":43},"end":{"line":6,"column":null}},"loc":{"start":{"line":9,"column":4},"end":{"line":37,"column":2}}},"1":{"name":"(anonymous_8)","decl":{"start":{"line":9,"column":4},"end":{"line":9,"column":null}},"loc":{"start":{"line":9,"column":4},"end":{"line":37,"column":1}}}},"branchMap":{"0":{"loc":{"start":{"line":27,"column":4},"end":{"line":33,"column":null}},"type":"if","locations":[{"start":{"line":27,"column":4},"end":{"line":33,"column":null}},{"start":{"line":29,"column":11},"end":{"line":33,"column":null}}]}},"s":{"0":1,"1":1,"2":1,"3":1,"4":0,"5":0,"6":0,"7":0,"8":0,"9":0,"10":0,"11":0,"12":0,"13":0,"14":1},"f":{"0":0,"1":0},"b":{"0":[0,0]}}
}
